<?xml version="1.0" encoding="UTF-8"?>
<!-- Generated by org.testng.reporters.JUnitXMLReporter -->
<testsuite ignored="0" hostname="DESKTOP-NBLM254" failures="0" tests="5" name="Default test" time="75.667" errors="0" timestamp="2024-07-21T20:19:14 IST">
  <testcase classname="project.LumaFeaturesNavigations" name="Gear" time="3.756"/>
  <testcase classname="project.LumaFeaturesNavigations" name="Men" time="5.014"/>
  <testcase classname="project.LumaFeaturesNavigations" name="Sale" time="1.994"/>
  <testcase classname="project.LumaFeaturesNavigations" name="Training" time="2.021"/>
  <testcase classname="project.LumaFeaturesNavigations" name="Women" time="5.006"/>
</testsuite> <!-- Default test -->
