<?xml version="1.0" encoding="UTF-8"?>
<testng-results ignored="0" total="5" passed="5" failed="0" skipped="0">
  <reporter-output>
  </reporter-output>
  <suite started-at="2024-07-21T20:17:58 IST" name="Default suite" finished-at="2024-07-21T20:19:14 IST" duration-ms="75667">
    <groups>
    </groups>
    <test started-at="2024-07-21T20:17:58 IST" name="Default test" finished-at="2024-07-21T20:19:14 IST" duration-ms="75667">
      <class name="project.LumaFeaturesNavigations">
        <test-method is-config="true" signature="launchBrowser()[pri:0, instance:project.LumaFeaturesNavigations@741a8937]" started-at="2024-07-21T20:17:58 IST" name="launchBrowser" finished-at="2024-07-21T20:18:06 IST" duration-ms="7968" status="PASS">
          <reporter-output>
          </reporter-output>
        </test-method> <!-- launchBrowser -->
        <test-method signature="Gear()[pri:0, instance:project.LumaFeaturesNavigations@741a8937]" started-at="2024-07-21T20:18:06 IST" name="Gear" finished-at="2024-07-21T20:18:10 IST" duration-ms="3756" status="PASS">
          <reporter-output>
          </reporter-output>
        </test-method> <!-- Gear -->
        <test-method is-config="true" signature="close()[pri:0, instance:project.LumaFeaturesNavigations@741a8937]" started-at="2024-07-21T20:18:10 IST" name="close" finished-at="2024-07-21T20:18:15 IST" duration-ms="5198" status="PASS">
          <reporter-output>
          </reporter-output>
        </test-method> <!-- close -->
        <test-method is-config="true" signature="launchBrowser()[pri:0, instance:project.LumaFeaturesNavigations@741a8937]" started-at="2024-07-21T20:18:15 IST" name="launchBrowser" finished-at="2024-07-21T20:18:21 IST" duration-ms="6223" status="PASS">
          <reporter-output>
          </reporter-output>
        </test-method> <!-- launchBrowser -->
        <test-method signature="Men()[pri:0, instance:project.LumaFeaturesNavigations@741a8937]" started-at="2024-07-21T20:18:21 IST" name="Men" finished-at="2024-07-21T20:18:27 IST" duration-ms="5014" status="PASS">
          <reporter-output>
          </reporter-output>
        </test-method> <!-- Men -->
        <test-method is-config="true" signature="close()[pri:0, instance:project.LumaFeaturesNavigations@741a8937]" started-at="2024-07-21T20:18:27 IST" name="close" finished-at="2024-07-21T20:18:32 IST" duration-ms="5270" status="PASS">
          <reporter-output>
          </reporter-output>
        </test-method> <!-- close -->
        <test-method is-config="true" signature="launchBrowser()[pri:0, instance:project.LumaFeaturesNavigations@741a8937]" started-at="2024-07-21T20:18:32 IST" name="launchBrowser" finished-at="2024-07-21T20:18:37 IST" duration-ms="5329" status="PASS">
          <reporter-output>
          </reporter-output>
        </test-method> <!-- launchBrowser -->
        <test-method signature="Sale()[pri:0, instance:project.LumaFeaturesNavigations@741a8937]" started-at="2024-07-21T20:18:37 IST" name="Sale" finished-at="2024-07-21T20:18:39 IST" duration-ms="1994" status="PASS">
          <reporter-output>
          </reporter-output>
        </test-method> <!-- Sale -->
        <test-method is-config="true" signature="close()[pri:0, instance:project.LumaFeaturesNavigations@741a8937]" started-at="2024-07-21T20:18:39 IST" name="close" finished-at="2024-07-21T20:18:44 IST" duration-ms="5290" status="PASS">
          <reporter-output>
          </reporter-output>
        </test-method> <!-- close -->
        <test-method is-config="true" signature="launchBrowser()[pri:0, instance:project.LumaFeaturesNavigations@741a8937]" started-at="2024-07-21T20:18:44 IST" name="launchBrowser" finished-at="2024-07-21T20:18:50 IST" duration-ms="5190" status="PASS">
          <reporter-output>
          </reporter-output>
        </test-method> <!-- launchBrowser -->
        <test-method signature="Training()[pri:0, instance:project.LumaFeaturesNavigations@741a8937]" started-at="2024-07-21T20:18:50 IST" name="Training" finished-at="2024-07-21T20:18:52 IST" duration-ms="2021" status="PASS">
          <reporter-output>
          </reporter-output>
        </test-method> <!-- Training -->
        <test-method is-config="true" signature="close()[pri:0, instance:project.LumaFeaturesNavigations@741a8937]" started-at="2024-07-21T20:18:52 IST" name="close" finished-at="2024-07-21T20:18:57 IST" duration-ms="5353" status="PASS">
          <reporter-output>
          </reporter-output>
        </test-method> <!-- close -->
        <test-method is-config="true" signature="launchBrowser()[pri:0, instance:project.LumaFeaturesNavigations@741a8937]" started-at="2024-07-21T20:18:57 IST" name="launchBrowser" finished-at="2024-07-21T20:19:04 IST" duration-ms="6677" status="PASS">
          <reporter-output>
          </reporter-output>
        </test-method> <!-- launchBrowser -->
        <test-method signature="Women()[pri:0, instance:project.LumaFeaturesNavigations@741a8937]" started-at="2024-07-21T20:19:04 IST" name="Women" finished-at="2024-07-21T20:19:09 IST" duration-ms="5006" status="PASS">
          <reporter-output>
          </reporter-output>
        </test-method> <!-- Women -->
        <test-method is-config="true" signature="close()[pri:0, instance:project.LumaFeaturesNavigations@741a8937]" started-at="2024-07-21T20:19:09 IST" name="close" finished-at="2024-07-21T20:19:14 IST" duration-ms="5302" status="PASS">
          <reporter-output>
          </reporter-output>
        </test-method> <!-- close -->
      </class> <!-- project.LumaFeaturesNavigations -->
    </test> <!-- Default test -->
  </suite> <!-- Default suite -->
</testng-results>
