<?xml version="1.0" encoding="UTF-8"?>
<!-- Generated by org.testng.reporters.JUnitXMLReporter -->
<testsuite ignored="3" hostname="DESKTOP-NBLM254" failures="0" tests="5" name="Test" time="0.049" errors="0" timestamp="2024-06-27T19:35:03 IST">
  <testcase classname="day8.TestNgGroups" name="test1" time="0.006"/>
  <testcase classname="day8.TestNgGroups" name="test2" time="0.001"/>
  <testcase classname="day8.TestNgGroups" name="test3" time="0.001"/>
  <testcase classname="day8.TestNgGroups" name="test6" time="0.0"/>
  <testcase classname="day8.TestNgGroups2" name="smokeMethod" time="0.001"/>
  <testcase classname="day8.TestNgGroups2" name="sanityMethod" time="0.0">
    <ignored/>
  </testcase> <!-- sanityMethod -->
  <testcase classname="day8.TestNgGroups" name="test4" time="0.0">
    <ignored/>
  </testcase> <!-- test4 -->
  <testcase classname="day8.TestNgGroups" name="test5" time="0.0">
    <ignored/>
  </testcase> <!-- test5 -->
</testsuite> <!-- Test -->
